Script started on Sun Oct  8 11:28:28 2023
[?1034hsh-3.2$ ./script.sh 28 200 100 50 25 10 5 1 3 4 28
Desired amount: 28
Given coin values: [1, 3, 4, 5, 10, 25, 28, 50, 100, 200]
The number of possibilities: 164
The minimum number of coins: 1
(1@28, )
sh-3.2$ ./test.sh
added manifest
adding: test/(in = 0) (out= 0)(stored 0%)
adding: test/ChangeTest.class(in = 3123) (out= 1314)(deflated 57%)
adding: main/(in = 0) (out= 0)(stored 0%)
adding: main/ChangePosibilitySearch.class(in = 3481) (out= 1848)(deflated 46%)
adding: main/Change.class(in = 1539) (out= 974)(deflated 36%)
JUnit version 4.13.2
..........
Time: 4.519

OK (10 tests)

sh-3.2$ 
sh-3.2$ edi[K[Kxit
exit

Script done on Sun Oct  8 11:29:04 2023
